<?xml version="1.0" encoding="UTF-8"?>
<!-- Generated by org.testng.reporters.JUnitReportReporter -->
<testsuite hostname="DESKTOP-U8O34AN" failures="0" tests="6" name="com.nopcommerce.user.User_01_Login" time="22.189" errors="0" timestamp="2024-04-14T12:14:10 ICT" skipped="0">
  <testcase classname="com.nopcommerce.user.User_01_Login" name="TC01" time="3.756"/>
  <system-out/>
  <testcase classname="com.nopcommerce.user.User_01_Login" name="TC03" time="4.312"/>
  <system-out/>
  <testcase classname="com.nopcommerce.user.User_01_Login" name="TC05" time="4.296"/>
  <system-out/>
  <testcase classname="com.nopcommerce.user.User_01_Login" name="TC04" time="4.340"/>
  <system-out/>
  <testcase classname="com.nopcommerce.user.User_01_Login" name="TC06" time="1.518"/>
  <system-out/>
  <testcase classname="com.nopcommerce.user.User_01_Login" name="TC02" time="3.967"/>
  <system-out/>
</testsuite> <!-- com.nopcommerce.user.User_01_Login -->
