<?xml version="1.0" encoding="UTF-8"?>
<!-- Generated by org.testng.reporters.JUnitReportReporter -->
<testsuite hostname="DESKTOP-U8O34AN" failures="0" tests="2" name="com.nopcommerce.user.Fake_Data" time="8.509" errors="0" timestamp="2024-04-29T02:02:52 ICT" skipped="0">
  <testcase classname="com.nopcommerce.user.Fake_Data" name="User_02_Login" time="2.041"/>
  <system-out>
    <![CDATA[[INFO ] [2024-04-29 02:02:48,839] - Login - Step 01: Navigate to Login page
<br>
[INFO ] [2024-04-29 02:02:49,249] - Login - Step 02: Enter to email and password textbox
<br>
[INFO ] [2024-04-29 02:02:49,593] - Login - Step 03: Click to login button
<br>
[INFO ] [2024-04-29 02:02:50,244] - Login - Step 04: Verify my account link is displayed
<br>]]>
  </system-out>
  <testcase classname="com.nopcommerce.user.Fake_Data" name="User01_Register" time="6.468"/>
  <system-out>
    <![CDATA[[INFO ] [2024-04-29 02:02:42,329] - Register - Step 01: Navigate to 'Register' page
<br>
[INFO ] [2024-04-29 02:02:43,067] - Register - Step 02: Enter to all fields information
<br>
[INFO ] [2024-04-29 02:02:47,476] - Register - Step 03: Click to Register button
<br>
[INFO ] [2024-04-29 02:02:48,153] - Register - Step 04: Verify success message displayed
<br>
[INFO ] [2024-04-29 02:02:48,298] - Register - Step 05: Click to logout
<br>]]>
  </system-out>
</testsuite> <!-- com.nopcommerce.user.Fake_Data -->
