<?xml version="1.0" encoding="UTF-8"?>
<!-- Generated by org.testng.reporters.JUnitReportReporter -->
<testsuite hostname="DESKTOP-U8O34AN" failures="0" tests="1" name="com.jquery.Data_Grid_Table" time="29.767" errors="0" timestamp="02 Apr 2024 11:52:04 GMT" skipped="0">
  <testcase classname="com.jquery.Data_Grid_Table" name="Table_04_Enter_To_Textbox_At_Any_Row" time="29.767"/>
</testsuite> <!-- com.jquery.Data_Grid_Table -->
