<?xml version="1.0" encoding="UTF-8"?>
<!-- Generated by org.testng.reporters.JUnitReportReporter -->
<testsuite hostname="DESKTOP-U8O34AN" failures="0" tests="6" name="com.nopcommerce.user.User_01_Login" time="22.940" errors="0" timestamp="20 Mar 2024 08:45:46 GMT" skipped="0">
  <testcase classname="com.nopcommerce.user.User_01_Login" name="TC01" time="3.728"/>
  <testcase classname="com.nopcommerce.user.User_01_Login" name="TC02" time="4.024"/>
  <testcase classname="com.nopcommerce.user.User_01_Login" name="TC06" time="1.739"/>
  <testcase classname="com.nopcommerce.user.User_01_Login" name="TC03" time="4.382"/>
  <testcase classname="com.nopcommerce.user.User_01_Login" name="TC04" time="4.439"/>
  <testcase classname="com.nopcommerce.user.User_01_Login" name="TC05" time="4.628"/>
</testsuite> <!-- com.nopcommerce.user.User_01_Login -->
