<?xml version="1.0" encoding="UTF-8"?>
<!-- Generated by org.testng.reporters.JUnitReportReporter -->
<testsuite hostname="DESKTOP-U8O34AN" failures="0" tests="5" name="TestNG.ParallelClass_03" time="0.320" errors="0" timestamp="2024-04-26T22:18:23 ICT" skipped="0">
  <testcase classname="TestNG.ParallelClass_03" name="TC_02_Edit_Product" time="0.009"/>
  <system-out/>
  <testcase classname="TestNG.ParallelClass_03" name="TC_05_Delete_Product" time="0.007"/>
  <system-out/>
  <testcase classname="TestNG.ParallelClass_03" name="TC_01_New_Product" time="0.290"/>
  <system-out/>
  <testcase classname="TestNG.ParallelClass_03" name="TC_04_Search_Product" time="0.007"/>
  <system-out/>
  <testcase classname="TestNG.ParallelClass_03" name="TC_03_View_Product" time="0.007"/>
  <system-out/>
</testsuite> <!-- TestNG.ParallelClass_03 -->
