<?xml version="1.0" encoding="UTF-8"?>
<!-- Generated by org.testng.reporters.JUnitReportReporter -->
<testsuite hostname="DESKTOP-U8O34AN" failures="0" tests="2" name="com.nopcommerce.user.ReportNG_Screenshot" time="8.112" errors="0" timestamp="05 Apr 2024 16:52:30 GMT" skipped="0">
  <testcase classname="com.nopcommerce.user.ReportNG_Screenshot" name="User_02_Login" time="5.027"/>
  <testcase classname="com.nopcommerce.user.ReportNG_Screenshot" name="User01_Register" time="3.085"/>
</testsuite> <!-- com.nopcommerce.user.ReportNG_Screenshot -->
