<?xml version="1.0" encoding="UTF-8"?>
<!-- Generated by org.testng.reporters.JUnitReportReporter -->
<testsuite hostname="DESKTOP-U8O34AN" failures="0" tests="3" name="com.facebook.register.Element_Undisplayed" time="17.067" errors="0" timestamp="04 Apr 2024 09:20:19 GMT" skipped="0">
  <testcase classname="com.facebook.register.Element_Undisplayed" name="TC_03_Verify_Element_Undisplayed_Not_In_DOM" time="8.538"/>
  <testcase classname="com.facebook.register.Element_Undisplayed" name="TC_01_Verify_Element_Displayed" time="5.299"/>
  <testcase classname="com.facebook.register.Element_Undisplayed" name="TC_02_Verify_Element_Undisplayed_In_DOM" time="3.230"/>
</testsuite> <!-- com.facebook.register.Element_Undisplayed -->
