<?xml version="1.0" encoding="UTF-8"?>
<!-- Generated by org.testng.reporters.JUnitReportReporter -->
<testsuite hostname="DESKTOP-U8O34AN" failures="0" tests="4" name="com.nopcommerce.user.Switch_Page" time="9.113" errors="0" timestamp="25 Mar 2024 22:31:37 GMT" skipped="0">
  <testcase classname="com.nopcommerce.user.Switch_Page" name="User01_Register" time="3.027"/>
  <testcase classname="com.nopcommerce.user.Switch_Page" name="User_03_My_Account" time="0.516"/>
  <testcase classname="com.nopcommerce.user.Switch_Page" name="User_04_SwitchPage" time="4.042"/>
  <testcase classname="com.nopcommerce.user.Switch_Page" name="User_02_Login" time="1.528"/>
</testsuite> <!-- com.nopcommerce.user.Switch_Page -->
