<?xml version="1.0" encoding="UTF-8"?>
<!-- Generated by org.testng.reporters.JUnitReportReporter -->
<testsuite hostname="DESKTOP-U8O34AN" failures="0" tests="6" name="com.nopcommerce.user.Login_PageFactory" time="6.569" errors="0" timestamp="21 Mar 2024 06:30:51 GMT" skipped="0">
  <testcase classname="com.nopcommerce.user.Login_PageFactory" name="TC02" time="0.861"/>
  <testcase classname="com.nopcommerce.user.Login_PageFactory" name="TC06" time="1.369"/>
  <testcase classname="com.nopcommerce.user.Login_PageFactory" name="TC03" time="1.055"/>
  <testcase classname="com.nopcommerce.user.Login_PageFactory" name="TC05" time="1.195"/>
  <testcase classname="com.nopcommerce.user.Login_PageFactory" name="TC04" time="1.105"/>
  <testcase classname="com.nopcommerce.user.Login_PageFactory" name="TC01" time="0.984"/>
</testsuite> <!-- com.nopcommerce.user.Login_PageFactory -->
