<?xml version="1.0" encoding="UTF-8"?>
<!-- Generated by org.testng.reporters.JUnitReportReporter -->
<testsuite hostname="DESKTOP-U8O34AN" failures="0" tests="5" name="TestNG.ParallelClass_02" time="0.033" errors="0" timestamp="2024-04-26T22:18:23 ICT" skipped="0">
  <testcase classname="TestNG.ParallelClass_02" name="TC_02_Edit_User" time="0.009"/>
  <system-out/>
  <testcase classname="TestNG.ParallelClass_02" name="TC_03_View_User" time="0.003"/>
  <system-out/>
  <testcase classname="TestNG.ParallelClass_02" name="TC_05_Delete_User" time="0.010"/>
  <system-out/>
  <testcase classname="TestNG.ParallelClass_02" name="TC_04_Search_User" time="0.008"/>
  <system-out/>
  <testcase classname="TestNG.ParallelClass_02" name="TC_01_New_User" time="0.003"/>
  <system-out/>
</testsuite> <!-- TestNG.ParallelClass_02 -->
