<?xml version="1.0" encoding="UTF-8"?>
<!-- Generated by org.testng.reporters.JUnitReportReporter -->
<testsuite hostname="DESKTOP-U8O34AN" failures="0" tests="2" name="com.nopcommerce.user.Pattern_Object" time="3.381" errors="0" timestamp="2024-04-15T11:19:38 ICT" skipped="0">
  <testcase classname="com.nopcommerce.user.Pattern_Object" name="User_03_MyAccount" time="0.757"/>
  <system-out>
    <![CDATA[[INFO ] [2024-04-15 11:19:36,803] - MyAccount - Step 01: Navigate to 'My Account' page
<br>
[INFO ] [2024-04-15 11:19:37,227] - MyAccount - Step 02: Verify 'Customer Info' page is displayed
<br>
[INFO ] [2024-04-15 11:19:37,310] - MyAccount - Step 03: Verify 'First Name' value is correctly
<br>
[INFO ] [2024-04-15 11:19:37,438] - MyAccount - Step 04: Verify 'Last Name' value is correctly
<br>
[INFO ] [2024-04-15 11:19:37,499] - MyAccount - Step 03: Verify 'Email' value is correctly
<br>]]>
  </system-out>
  <testcase classname="com.nopcommerce.user.Pattern_Object" name="User_02_Login" time="2.624"/>
  <system-out>
    <![CDATA[[INFO ] [2024-04-15 11:19:34,205] - Login - Step 01: Navigate to Login page
<br>
[INFO ] [2024-04-15 11:19:34,854] - Login - Step 02: Enter to email and password textbox
<br>
[INFO ] [2024-04-15 11:19:35,207] - Login - Step 03: Click to login button
<br>
[INFO ] [2024-04-15 11:19:36,018] - Login - Step 04: Verify my account link is displayed
<br>]]>
  </system-out>
</testsuite> <!-- com.nopcommerce.user.Pattern_Object -->
