<?xml version="1.0" encoding="UTF-8"?>
<!-- Generated by org.testng.reporters.JUnitReportReporter -->
<testsuite hostname="DESKTOP-U8O34AN" failures="0" tests="8" name="com.bankguru.newCustomer.newCustomerTest" time="24.481" errors="0" timestamp="2024-06-29T13:28:41 ICT" skipped="0">
  <testcase classname="com.bankguru.newCustomer.newCustomerTest" name="Verify_Name_Field" time="7.896"/>
  <system-out/>
  <testcase classname="com.bankguru.newCustomer.newCustomerTest" name="Verify_Address_Field" time="2.805"/>
  <system-out/>
  <testcase classname="com.bankguru.newCustomer.newCustomerTest" name="Verify_City_Field" time="2.625"/>
  <system-out/>
  <testcase classname="com.bankguru.newCustomer.newCustomerTest" name="Verify_State_Field" time="2.585"/>
  <system-out/>
  <testcase classname="com.bankguru.newCustomer.newCustomerTest" name="Verify_PIN_Field" time="3.159"/>
  <system-out/>
  <testcase classname="com.bankguru.newCustomer.newCustomerTest" name="Verify_Phone_Field" time="2.544"/>
  <system-out/>
  <testcase classname="com.bankguru.newCustomer.newCustomerTest" name="Verify_Email_Field" time="2.242"/>
  <system-out/>
  <testcase classname="com.bankguru.newCustomer.newCustomerTest" name="Verify_Field_Labels" time="0.625"/>
  <system-out/>
</testsuite> <!-- com.bankguru.newCustomer.newCustomerTest -->
