<?xml version="1.0" encoding="UTF-8"?>
<!-- Generated by org.testng.reporters.JUnitReportReporter -->
<testsuite hostname="DESKTOP-U8O34AN" failures="0" tests="2" name="com.nopcommerce.user.SwitchRole" time="14.280" errors="0" timestamp="27 Mar 2024 02:21:44 GMT" skipped="0">
  <testcase classname="com.nopcommerce.user.SwitchRole" name="UsertoAdmin" time="12.398"/>
  <testcase classname="com.nopcommerce.user.SwitchRole" name="AdmintoUser" time="1.882"/>
</testsuite> <!-- com.nopcommerce.user.SwitchRole -->
