<?xml version="1.0" encoding="UTF-8"?>
<!-- Generated by org.testng.reporters.JUnitReportReporter -->
<testsuite hostname="DESKTOP-U8O34AN" failures="0" tests="8" name="com.bankguru.editCustomerTest" time="12.107" errors="0" timestamp="2024-07-06T14:01:36 ICT" skipped="0">
  <testcase classname="com.bankguru.editCustomerTest" name="verifyCustomerID" time="8.115"/>
  <system-out/>
  <testcase classname="com.bankguru.editCustomerTest" name="verifyAddressField" time="0.231"/>
  <system-out/>
  <testcase classname="com.bankguru.editCustomerTest" name="verifyCityField" time="0.647"/>
  <system-out/>
  <testcase classname="com.bankguru.editCustomerTest" name="verifyStateField" time="0.569"/>
  <system-out/>
  <testcase classname="com.bankguru.editCustomerTest" name="verifyPINField" time="0.703"/>
  <system-out/>
  <testcase classname="com.bankguru.editCustomerTest" name="verifyPhoneField" time="0.719"/>
  <system-out/>
  <testcase classname="com.bankguru.editCustomerTest" name="verifyEmailField" time="0.561"/>
  <system-out/>
  <testcase classname="com.bankguru.editCustomerTest" name="Verify_Field_Labels" time="0.562"/>
  <system-out/>
</testsuite> <!-- com.bankguru.editCustomerTest -->
