<?xml version="1.0" encoding="UTF-8"?>
<!-- Generated by org.testng.reporters.JUnitReportReporter -->
<testsuite hostname="DESKTOP-U8O34AN" failures="0" tests="2" name="com.nopcommerce.user.AllureReport" time="5.285" errors="0" timestamp="06 Apr 2024 05:02:14 GMT" skipped="0">
  <testcase classname="com.nopcommerce.user.AllureReport" name="User01_Register" time="3.162"/>
  <testcase classname="com.nopcommerce.user.AllureReport" name="User_02_Login" time="2.123"/>
</testsuite> <!-- com.nopcommerce.user.AllureReport -->
