<?xml version="1.0" encoding="UTF-8"?>
<!-- Generated by org.testng.reporters.JUnitReportReporter -->
<testsuite hostname="DESKTOP-U8O34AN" failures="0" tests="1" name="com.nopcommerce.user.User_02_My_Account" time="6.543" errors="0" timestamp="13 Mar 2024 15:34:30 GMT" skipped="0">
  <testcase classname="com.nopcommerce.user.User_02_My_Account" name="TC04" time="6.543"/>
</testsuite> <!-- com.nopcommerce.user.User_02_My_Account -->
