<?xml version="1.0" encoding="UTF-8"?>
<!-- Generated by org.testng.reporters.JUnitReportReporter -->
<testsuite hostname="DESKTOP-U8O34AN" failures="0" tests="2" name="com.saucelab.sort.Sort_and_Desc" time="13.446" errors="0" timestamp="2024-04-27T19:09:48 ICT" skipped="0">
  <testcase classname="com.saucelab.sort.Sort_and_Desc" name="Sort_Price" time="6.660"/>
  <system-out/>
  <testcase classname="com.saucelab.sort.Sort_and_Desc" name="Sort_Name" time="6.786"/>
  <system-out/>
</testsuite> <!-- com.saucelab.sort.Sort_and_Desc -->
