<?xml version="1.0" encoding="UTF-8"?>
<!-- Generated by org.testng.reporters.JUnitReportReporter -->
<testsuite hostname="DESKTOP-U8O34AN" failures="0" tests="6" name="com.nopcommerce.user.Login_Page_Generator_Manager" time="6.573" errors="0" timestamp="24 Mar 2024 08:27:51 GMT" skipped="0">
  <testcase classname="com.nopcommerce.user.Login_Page_Generator_Manager" name="TC04" time="1.125"/>
  <testcase classname="com.nopcommerce.user.Login_Page_Generator_Manager" name="TC01" time="1.038"/>
  <testcase classname="com.nopcommerce.user.Login_Page_Generator_Manager" name="TC03" time="1.035"/>
  <testcase classname="com.nopcommerce.user.Login_Page_Generator_Manager" name="TC05" time="1.306"/>
  <testcase classname="com.nopcommerce.user.Login_Page_Generator_Manager" name="TC02" time="0.883"/>
  <testcase classname="com.nopcommerce.user.Login_Page_Generator_Manager" name="TC06" time="1.186"/>
</testsuite> <!-- com.nopcommerce.user.Login_Page_Generator_Manager -->
