<?xml version="1.0" encoding="UTF-8"?>
<!-- Generated by org.testng.reporters.JUnitReportReporter -->
<testsuite hostname="DESKTOP-U8O34AN" failures="0" tests="8" name="com.nopcommerce.user.User_03_Search" time="33.558" errors="0" timestamp="13 Mar 2024 18:11:41 GMT" skipped="0">
  <testcase classname="com.nopcommerce.user.User_03_Search" name="TC08" time="3.773"/>
  <testcase classname="com.nopcommerce.user.User_03_Search" name="TC06" time="3.563"/>
  <testcase classname="com.nopcommerce.user.User_03_Search" name="TC07" time="3.662"/>
  <testcase classname="com.nopcommerce.user.User_03_Search" name="TC01" time="6.651"/>
  <testcase classname="com.nopcommerce.user.User_03_Search" name="TC05" time="4.853"/>
  <testcase classname="com.nopcommerce.user.User_03_Search" name="TC03" time="3.678"/>
  <testcase classname="com.nopcommerce.user.User_03_Search" name="TC02" time="3.711"/>
  <testcase classname="com.nopcommerce.user.User_03_Search" name="TC04" time="3.667"/>
</testsuite> <!-- com.nopcommerce.user.User_03_Search -->
