<?xml version="1.0" encoding="UTF-8"?>
<!-- Generated by org.testng.reporters.JUnitReportReporter -->
<testsuite hostname="DESKTOP-U8O34AN" failures="0" tests="6" name="com.nopcommerce.user.Apply_BasePage1" time="9.500" errors="0" timestamp="12 Mar 2024 11:26:38 GMT" skipped="0">
  <testcase classname="com.nopcommerce.user.Apply_BasePage1" name="TC04" time="1.432"/>
  <testcase classname="com.nopcommerce.user.Apply_BasePage1" name="TC05" time="1.167"/>
  <testcase classname="com.nopcommerce.user.Apply_BasePage1" name="TC02" time="1.251"/>
  <testcase classname="com.nopcommerce.user.Apply_BasePage1" name="TC06" time="1.558"/>
  <testcase classname="com.nopcommerce.user.Apply_BasePage1" name="TC01" time="1.996"/>
  <testcase classname="com.nopcommerce.user.Apply_BasePage1" name="TC03" time="2.096"/>
</testsuite> <!-- com.nopcommerce.user.Apply_BasePage1 -->
