<?xml version="1.0" encoding="UTF-8"?>
<!-- Generated by org.testng.reporters.JUnitReportReporter -->
<testsuite hostname="DESKTOP-U8O34AN" failures="0" tests="2" name="com.nopcommerce.user.Manage_Data" time="9.691" errors="0" timestamp="2024-04-30T16:00:03 ICT" skipped="0">
  <testcase classname="com.nopcommerce.user.Manage_Data" name="User_02_Login" time="2.231"/>
  <system-out>
    <![CDATA[[INFO ] [2024-04-30 15:59:59,523] - Login - Step 01: Navigate to Login page
<br>
[INFO ] [2024-04-30 15:59:59,953] - Login - Step 02: Enter to email and password textbox
<br>
[INFO ] [2024-04-30 16:00:00,324] - Login - Step 03: Click to login button
<br>
[INFO ] [2024-04-30 16:00:01,097] - Login - Step 04: Verify my account link is displayed
<br>]]>
  </system-out>
  <testcase classname="com.nopcommerce.user.Manage_Data" name="User01_Register" time="7.460"/>
  <system-out>
    <![CDATA[[INFO ] [2024-04-30 15:59:52,071] - Register - Step 01: Navigate to 'Register' page
<br>
[INFO ] [2024-04-30 15:59:53,399] - Register - Step 02: Enter to all fields information
<br>
[INFO ] [2024-04-30 15:59:57,838] - Register - Step 03: Click to Register button
<br>
[INFO ] [2024-04-30 15:59:58,601] - Register - Step 04: Verify success message displayed
<br>
[INFO ] [2024-04-30 15:59:58,709] - Register - Step 05: Click to logout
<br>]]>
  </system-out>
</testsuite> <!-- com.nopcommerce.user.Manage_Data -->
