<?xml version="1.0" encoding="UTF-8"?>
<!-- Generated by org.testng.reporters.JUnitReportReporter -->
<testsuite hostname="DESKTOP-U8O34AN" failures="0" tests="2" name="com.nopcommerce.user.Multiple_Environment_Param" time="9.118" errors="0" timestamp="2024-05-09T00:15:37 ICT" skipped="0">
  <testcase classname="com.nopcommerce.user.Multiple_Environment_Param" name="User01_Register" time="6.970"/>
  <system-out>
    <![CDATA[[INFO ] [2024-05-09 00:15:28,019] - Register - Step 01: Navigate to 'Register' page
<br>
[INFO ] [2024-05-09 00:15:28,854] - Register - Step 02: Enter to all fields information
<br>
[INFO ] [2024-05-09 00:15:33,301] - Register - Step 03: Click to Register button
<br>
[INFO ] [2024-05-09 00:15:33,998] - Register - Step 04: Verify success message displayed
<br>
[INFO ] [2024-05-09 00:15:34,143] - Register - Step 05: Click to logout
<br>]]>
  </system-out>
  <testcase classname="com.nopcommerce.user.Multiple_Environment_Param" name="User_02_Login" time="2.148"/>
  <system-out>
    <![CDATA[[INFO ] [2024-05-09 00:15:34,964] - Login - Step 01: Navigate to Login page
<br>
[INFO ] [2024-05-09 00:15:35,447] - Login - Step 02: Enter to email and password textbox
<br>
[INFO ] [2024-05-09 00:15:35,756] - Login - Step 03: Click to login button
<br>
[INFO ] [2024-05-09 00:15:36,503] - Login - Step 04: Verify my account link is displayed
<br>]]>
  </system-out>
</testsuite> <!-- com.nopcommerce.user.Multiple_Environment_Param -->
