<?xml version="1.0" encoding="UTF-8"?>
<!-- Generated by org.testng.reporters.JUnitReportReporter -->
<testsuite hostname="DESKTOP-U8O34AN" failures="0" tests="1" name="com.nopcommerce.user.Share_Data" time="0.081" errors="0" timestamp="2024-04-26T22:16:38 ICT" skipped="0">
  <testcase classname="com.nopcommerce.user.Share_Data" name="Search" time="0.081"/>
  <system-out/>
</testsuite> <!-- com.nopcommerce.user.Share_Data -->
