<?xml version="1.0" encoding="UTF-8"?>
<!-- Generated by org.testng.reporters.JUnitReportReporter -->
<testsuite hostname="DESKTOP-U8O34AN" failures="0" tests="3" name="com.nopcommerce.user.Dynamic_Locator" time="10.669" errors="0" timestamp="28 Mar 2024 02:20:18 GMT" skipped="0">
  <testcase classname="com.nopcommerce.user.Dynamic_Locator" name="User_03_Dynamic_Page_01" time="2.398"/>
  <testcase classname="com.nopcommerce.user.Dynamic_Locator" name="User_02_Switch_Page" time="2.772"/>
  <testcase classname="com.nopcommerce.user.Dynamic_Locator" name="User01_Register_Login" time="5.499"/>
</testsuite> <!-- com.nopcommerce.user.Dynamic_Locator -->
