<?xml version="1.0" encoding="UTF-8"?>
<!-- Generated by org.testng.reporters.JUnitReportReporter -->
<testsuite hostname="DESKTOP-U8O34AN" failures="0" tests="2" name="com.nopcommerce.user.Manage_Data" time="8.956" errors="0" timestamp="2024-05-05T10:54:26 ICT" skipped="0">
  <testcase classname="com.nopcommerce.user.Manage_Data" name="User01_Register" time="6.996"/>
  <system-out>
    <![CDATA[[INFO ] [2024-05-05 10:54:16,533] - Register - Step 01: Navigate to 'Register' page
<br>
[INFO ] [2024-05-05 10:54:17,312] - Register - Step 02: Enter to all fields information
<br>
[INFO ] [2024-05-05 10:54:21,994] - Register - Step 03: Click to Register button
<br>
[INFO ] [2024-05-05 10:54:22,646] - Register - Step 04: Verify success message displayed
<br>
[INFO ] [2024-05-05 10:54:22,757] - Register - Step 05: Click to logout
<br>]]>
  </system-out>
  <testcase classname="com.nopcommerce.user.Manage_Data" name="User_02_Login" time="1.960"/>
  <system-out>
    <![CDATA[[INFO ] [2024-05-05 10:54:23,533] - Login - Step 01: Navigate to Login page
<br>
[INFO ] [2024-05-05 10:54:23,934] - Login - Step 02: Enter to email and password textbox
<br>
[INFO ] [2024-05-05 10:54:24,255] - Login - Step 03: Click to login button
<br>
[INFO ] [2024-05-05 10:54:24,873] - Login - Step 04: Verify my account link is displayed
<br>]]>
  </system-out>
</testsuite> <!-- com.nopcommerce.user.Manage_Data -->
