<?xml version="1.0" encoding="UTF-8"?>
<!-- Generated by org.testng.reporters.JUnitReportReporter -->
<testsuite hostname="DESKTOP-U8O34AN" failures="0" tests="5" name="TestNG.ParallelClass_01" time="0.030" errors="0" timestamp="2024-04-26T22:18:23 ICT" skipped="0">
  <testcase classname="TestNG.ParallelClass_01" name="TC_01_New_Account" time="0.005"/>
  <system-out/>
  <testcase classname="TestNG.ParallelClass_01" name="TC_03_View_Account" time="0.010"/>
  <system-out/>
  <testcase classname="TestNG.ParallelClass_01" name="TC_04_Search_Account" time="0.005"/>
  <system-out/>
  <testcase classname="TestNG.ParallelClass_01" name="TC_02_Edit_Account" time="0.006"/>
  <system-out/>
  <testcase classname="TestNG.ParallelClass_01" name="TC_05_Delete_Account" time="0.004"/>
  <system-out/>
</testsuite> <!-- TestNG.ParallelClass_01 -->
