<?xml version="1.0" encoding="UTF-8"?>
<!-- Generated by org.testng.reporters.JUnitReportReporter -->
<testsuite hostname="DESKTOP-U8O34AN" failures="0" tests="2" name="com.nopcommerce.user.ExtentReportV3_Screenshot" time="5.405" errors="0" timestamp="07 Apr 2024 09:51:14 GMT" skipped="0">
  <testcase classname="com.nopcommerce.user.ExtentReportV3_Screenshot" name="User_02_Login" time="2.215"/>
  <testcase classname="com.nopcommerce.user.ExtentReportV3_Screenshot" name="User01_Register" time="3.190"/>
</testsuite> <!-- com.nopcommerce.user.ExtentReportV3_Screenshot -->
