<?xml version="1.0" encoding="UTF-8"?>
<!-- Generated by org.testng.reporters.JUnitReportReporter -->
<testsuite hostname="DESKTOP-U8O34AN" failures="0" tests="3" name="com.nopcommerce.user.Pattern_Object" time="10.172" errors="0" timestamp="2024-04-24T11:11:17 ICT" skipped="0">
  <testcase classname="com.nopcommerce.user.Pattern_Object" name="User_02_Login" time="2.086"/>
  <system-out>
    <![CDATA[[INFO ] [2024-04-24 11:11:12,931] - Login - Step 01: Navigate to Login page
<br>
[INFO ] [2024-04-24 11:11:13,416] - Login - Step 02: Enter to email and password textbox
<br>
[INFO ] [2024-04-24 11:11:13,614] - Login - Step 03: Click to login button
<br>
[INFO ] [2024-04-24 11:11:14,251] - Login - Step 04: Verify my account link is displayed
<br>]]>
  </system-out>
  <testcase classname="com.nopcommerce.user.Pattern_Object" name="User_03_MyAccount" time="0.686"/>
  <system-out>
    <![CDATA[[INFO ] [2024-04-24 11:11:14,957] - MyAccount - Step 01: Navigate to 'My Account' page
<br>
[INFO ] [2024-04-24 11:11:15,328] - MyAccount - Step 02: Verify 'Customer Info' page is displayed
<br>
[INFO ] [2024-04-24 11:11:15,497] - MyAccount - Step 03: Verify 'First Name' value is correctly
<br>
[INFO ] [2024-04-24 11:11:15,534] - MyAccount - Step 04: Verify 'Last Name' value is correctly
<br>
[INFO ] [2024-04-24 11:11:15,575] - MyAccount - Step 03: Verify 'Email' value is correctly
<br>]]>
  </system-out>
  <testcase classname="com.nopcommerce.user.Pattern_Object" name="User01_Register" time="7.400"/>
  <system-out>
    <![CDATA[[INFO ] [2024-04-24 11:11:05,414] - Register - Step 01: Navigate to 'Register' page
<br>
[INFO ] [2024-04-24 11:11:07,104] - Register - Step 02: Enter to all fields information
<br>
[INFO ] [2024-04-24 11:11:11,529] - Register - Step 03: Click to Register button
<br>
[INFO ] [2024-04-24 11:11:12,195] - Register - Step 04: Verify success message displayed
<br>
[INFO ] [2024-04-24 11:11:12,346] - Register - Step 05: Click to logout
<br>]]>
  </system-out>
</testsuite> <!-- com.nopcommerce.user.Pattern_Object -->
